<?xml version="1.0" encoding="UTF-8"?>
<TestRun id="6f1ceb2f-c88f-4837-b90d-b06d7ea0688c" name="martndemus@UNICORN 2012-02-19 20:40:29" runUser="Unicorn\martndemus" xmlns="http://microsoft.com/schemas/VisualStudio/TeamTest/2010">
  <TestSettings name="Local" id="53fb089d-6727-47c7-875f-c17e0a8b95e1">
    <Description>These are default test settings for a local test run.</Description>
    <Deployment enabled="false" runDeploymentRoot="martndemus_UNICORN 2012-02-19 20_40_29">
      <DeploymentItem filename="C:\Users\martndemus\Documents\nhl-stack-overflow\Source\packages\EntityFramework.4.3.0\lib\net40\EntityFramework.dll" />
      <DeploymentItem filename="C:\Users\martndemus\Documents\nhl-stack-overflow\Source\NHLStackOverflow\bin\NHLStackOverflow.dll" />
    </Deployment>
    <Execution>
      <TestTypeSpecific />
      <AgentRule name="Execution Agents">
      </AgentRule>
    </Execution>
  </TestSettings>
  <Times creation="2012-02-19T20:40:29.3062430+01:00" queuing="2012-02-19T20:40:30.5593147+01:00" start="2012-02-19T20:40:30.6643207+01:00" finish="2012-02-19T20:40:56.8588189+01:00" />
  <ResultSummary outcome="Failed">
    <Counters total="4" executed="4" passed="2" error="0" failed="2" timeout="0" aborted="0" inconclusive="0" passedButRunAborted="0" notRunnable="0" notExecuted="0" disconnected="0" warning="0" completed="0" inProgress="0" pending="0" />
  </ResultSummary>
  <TestDefinitions>
    <UnitTest name="ModelsArePresent" storage="c:\users\martndemus\documents\nhl-stack-overflow\source\nhlstackoverflow.tests\bin\debug\nhlstackoverflow.tests.dll" id="45206ccc-3197-2bd7-c395-e893cf4e1e75">
      <Execution id="87762fa4-8bf8-414c-a509-46cf1d51dc1c" />
      <TestMethod codeBase="C:/Users/martndemus/Documents/nhl-stack-overflow/Source/NHLStackOverflow.tests/bin/Debug/NHLStackOverflow.tests.DLL" adapterTypeName="Microsoft.VisualStudio.TestTools.TestTypes.Unit.UnitTestAdapter, Microsoft.VisualStudio.QualityTools.Tips.UnitTest.Adapter, Version=10.0.0.0, Culture=neutral, PublicKeyToken=b03f5f7f11d50a3a" className="NHLStackOverflow.tests.Test_References.NHLdb_Test, NHLStackOverflow.tests, Version=1.0.0.0, Culture=neutral, PublicKeyToken=null" name="ModelsArePresent" />
    </UnitTest>
    <UnitTest name="EmptyAnswer" storage="c:\users\martndemus\documents\nhl-stack-overflow\source\nhlstackoverflow.tests\bin\debug\nhlstackoverflow.tests.dll" id="c436e29f-8cbd-11bc-cb4e-b7b24fcbec7a">
      <Description>Tests if saving a void answer will throw an exception</Description>
      <Execution id="2cb2a068-c37a-481e-b1cb-359fc3c9d6f3" />
      <TestMethod codeBase="C:/Users/martndemus/Documents/nhl-stack-overflow/Source/NHLStackOverflow.tests/bin/Debug/NHLStackOverflow.tests.DLL" adapterTypeName="Microsoft.VisualStudio.TestTools.TestTypes.Unit.UnitTestAdapter, Microsoft.VisualStudio.QualityTools.Tips.UnitTest.Adapter, Version=10.0.0.0, Culture=neutral, PublicKeyToken=b03f5f7f11d50a3a" className="NHLStackOverflow.tests.Models.AnswerModelValidationTest, NHLStackOverflow.tests, Version=1.0.0.0, Culture=neutral, PublicKeyToken=null" name="EmptyAnswer" />
    </UnitTest>
    <UnitTest name="DB_initializes" storage="c:\users\martndemus\documents\nhl-stack-overflow\source\nhlstackoverflow.tests\bin\debug\nhlstackoverflow.tests.dll" id="da67187b-8ed4-9def-3ee2-b06f8ccb0bc0">
      <Execution id="5813d0f4-493c-48d5-a81b-d6dc0960e3fd" />
      <TestMethod codeBase="C:/Users/martndemus/Documents/nhl-stack-overflow/Source/NHLStackOverflow.tests/bin/Debug/NHLStackOverflow.tests.DLL" adapterTypeName="Microsoft.VisualStudio.TestTools.TestTypes.Unit.UnitTestAdapter, Microsoft.VisualStudio.QualityTools.Tips.UnitTest.Adapter, Version=10.0.0.0, Culture=neutral, PublicKeyToken=b03f5f7f11d50a3a" className="NHLStackOverflow.tests.Test_References.NHLdb_Test, NHLStackOverflow.tests, Version=1.0.0.0, Culture=neutral, PublicKeyToken=null" name="DB_initializes" />
    </UnitTest>
    <UnitTest name="MinimumNewAnswer" storage="c:\users\martndemus\documents\nhl-stack-overflow\source\nhlstackoverflow.tests\bin\debug\nhlstackoverflow.tests.dll" id="f16ef16c-675b-3035-37ea-3596af2a394d">
      <Execution id="d3bde119-e2b1-4c2e-bc85-b753fa7c6427" />
      <TestMethod codeBase="C:/Users/martndemus/Documents/nhl-stack-overflow/Source/NHLStackOverflow.tests/bin/Debug/NHLStackOverflow.tests.DLL" adapterTypeName="Microsoft.VisualStudio.TestTools.TestTypes.Unit.UnitTestAdapter, Microsoft.VisualStudio.QualityTools.Tips.UnitTest.Adapter, Version=10.0.0.0, Culture=neutral, PublicKeyToken=b03f5f7f11d50a3a" className="NHLStackOverflow.tests.Models.AnswerModelValidationTest, NHLStackOverflow.tests, Version=1.0.0.0, Culture=neutral, PublicKeyToken=null" name="MinimumNewAnswer" />
    </UnitTest>
  </TestDefinitions>
  <TestLists>
    <TestList name="Results Not in a List" id="8c84fa94-04c1-424b-9868-57a2d4851a1d" />
    <TestList name="All Loaded Results" id="19431567-8539-422a-85d7-44ee4e166bda" />
  </TestLists>
  <TestEntries>
    <TestEntry testId="45206ccc-3197-2bd7-c395-e893cf4e1e75" executionId="87762fa4-8bf8-414c-a509-46cf1d51dc1c" testListId="8c84fa94-04c1-424b-9868-57a2d4851a1d" />
    <TestEntry testId="c436e29f-8cbd-11bc-cb4e-b7b24fcbec7a" executionId="2cb2a068-c37a-481e-b1cb-359fc3c9d6f3" testListId="8c84fa94-04c1-424b-9868-57a2d4851a1d" />
    <TestEntry testId="da67187b-8ed4-9def-3ee2-b06f8ccb0bc0" executionId="5813d0f4-493c-48d5-a81b-d6dc0960e3fd" testListId="8c84fa94-04c1-424b-9868-57a2d4851a1d" />
    <TestEntry testId="f16ef16c-675b-3035-37ea-3596af2a394d" executionId="d3bde119-e2b1-4c2e-bc85-b753fa7c6427" testListId="8c84fa94-04c1-424b-9868-57a2d4851a1d" />
  </TestEntries>
  <Results>
    <UnitTestResult executionId="87762fa4-8bf8-414c-a509-46cf1d51dc1c" testId="45206ccc-3197-2bd7-c395-e893cf4e1e75" testName="ModelsArePresent" computerName="UNICORN" duration="00:00:00.2384980" startTime="2012-02-19T20:40:30.7103233+01:00" endTime="2012-02-19T20:40:31.6443768+01:00" testType="13cdc9d9-ddb5-4fa4-a97d-d965ccfc6d4b" outcome="Passed" testListId="8c84fa94-04c1-424b-9868-57a2d4851a1d" relativeResultsDirectory="87762fa4-8bf8-414c-a509-46cf1d51dc1c">
    </UnitTestResult>
    <UnitTestResult executionId="2cb2a068-c37a-481e-b1cb-359fc3c9d6f3" testId="c436e29f-8cbd-11bc-cb4e-b7b24fcbec7a" testName="EmptyAnswer" computerName="UNICORN" duration="00:00:06.1940403" startTime="2012-02-19T20:40:31.6513772+01:00" endTime="2012-02-19T20:40:37.8527319+01:00" testType="13cdc9d9-ddb5-4fa4-a97d-d965ccfc6d4b" outcome="Failed" testListId="8c84fa94-04c1-424b-9868-57a2d4851a1d" relativeResultsDirectory="2cb2a068-c37a-481e-b1cb-359fc3c9d6f3">
      <Output>
        <ErrorInfo>
          <Message>Test method NHLStackOverflow.tests.Models.AnswerModelValidationTest.EmptyAnswer threw exception System.InvalidOperationException, but exception System.Data.Entity.Validation.DbEntityValidationException was expected. Exception message: System.InvalidOperationException: The model backing the 'NHLdb' context has changed since the database was created. Consider using Code First Migrations to update the database (http://go.microsoft.com/fwlink/?LinkId=238269).</Message>
          <StackTrace>    at System.Data.Entity.CreateDatabaseIfNotExists`1.InitializeDatabase(TContext context)
   at System.Data.Entity.Internal.InternalContext.&lt;&gt;c__DisplayClass8.&lt;PerformDatabaseInitialization&gt;b__6()
   at System.Data.Entity.Internal.InternalContext.PerformInitializationAction(Action action)
   at System.Data.Entity.Internal.InternalContext.PerformDatabaseInitialization()
   at System.Data.Entity.Internal.LazyInternalContext.&lt;InitializeDatabase&gt;b__4(InternalContext c)
   at System.Data.Entity.Internal.RetryAction`1.PerformAction(TInput input)
   at System.Data.Entity.Internal.LazyInternalContext.InitializeDatabaseAction(Action`1 action)
   at System.Data.Entity.Internal.LazyInternalContext.InitializeDatabase()
   at System.Data.Entity.Internal.InternalContext.Initialize()
   at System.Data.Entity.Internal.InternalContext.GetEntitySetAndBaseTypeForType(Type entityType)
   at System.Data.Entity.Internal.Linq.InternalSet`1.Initialize()
   at System.Data.Entity.Internal.Linq.InternalSet`1.get_InternalContext()
   at System.Data.Entity.Internal.Linq.InternalSet`1.ActOnSet(Action action, EntityState newState, Object entity, String methodName)
   at System.Data.Entity.Internal.Linq.InternalSet`1.Add(Object entity)
   at System.Data.Entity.DbSet`1.Add(TEntity entity)
   at NHLStackOverflow.tests.Models.AnswerModelValidationTest.EmptyAnswer() in C:\Users\martndemus\Documents\nhl-stack-overflow\Source\NHLStackOverflow.tests\Models\AnswerModelValidationTest.cs:line 30
</StackTrace>
        </ErrorInfo>
      </Output>
    </UnitTestResult>
    <UnitTestResult executionId="5813d0f4-493c-48d5-a81b-d6dc0960e3fd" testId="da67187b-8ed4-9def-3ee2-b06f8ccb0bc0" testName="DB_initializes" computerName="UNICORN" duration="00:00:00.0002110" startTime="2012-02-19T20:40:37.8697328+01:00" endTime="2012-02-19T20:40:37.8777333+01:00" testType="13cdc9d9-ddb5-4fa4-a97d-d965ccfc6d4b" outcome="Passed" testListId="8c84fa94-04c1-424b-9868-57a2d4851a1d" relativeResultsDirectory="5813d0f4-493c-48d5-a81b-d6dc0960e3fd">
    </UnitTestResult>
    <UnitTestResult executionId="d3bde119-e2b1-4c2e-bc85-b753fa7c6427" testId="f16ef16c-675b-3035-37ea-3596af2a394d" testName="MinimumNewAnswer" computerName="UNICORN" duration="00:00:17.3192712" startTime="2012-02-19T20:40:37.8957343+01:00" endTime="2012-02-19T20:40:55.2207253+01:00" testType="13cdc9d9-ddb5-4fa4-a97d-d965ccfc6d4b" outcome="Failed" testListId="8c84fa94-04c1-424b-9868-57a2d4851a1d" relativeResultsDirectory="d3bde119-e2b1-4c2e-bc85-b753fa7c6427">
      <Output>
        <ErrorInfo>
          <Message>Test method NHLStackOverflow.tests.Models.AnswerModelValidationTest.MinimumNewAnswer threw exception: 
System.InvalidOperationException: The model backing the 'NHLdb' context has changed since the database was created. Consider using Code First Migrations to update the database (http://go.microsoft.com/fwlink/?LinkId=238269).</Message>
          <StackTrace>    at System.Data.Entity.CreateDatabaseIfNotExists`1.InitializeDatabase(TContext context)
   at System.Data.Entity.Internal.InternalContext.&lt;&gt;c__DisplayClass8.&lt;PerformDatabaseInitialization&gt;b__6()
   at System.Data.Entity.Internal.InternalContext.PerformInitializationAction(Action action)
   at System.Data.Entity.Internal.InternalContext.PerformDatabaseInitialization()
   at System.Data.Entity.Internal.LazyInternalContext.&lt;InitializeDatabase&gt;b__4(InternalContext c)
   at System.Data.Entity.Internal.RetryAction`1.PerformAction(TInput input)
   at System.Data.Entity.Internal.LazyInternalContext.InitializeDatabaseAction(Action`1 action)
   at System.Data.Entity.Internal.LazyInternalContext.InitializeDatabase()
   at System.Data.Entity.Internal.InternalContext.Initialize()
   at System.Data.Entity.Internal.InternalContext.GetEntitySetAndBaseTypeForType(Type entityType)
   at System.Data.Entity.Internal.Linq.InternalSet`1.Initialize()
   at System.Data.Entity.Internal.Linq.InternalSet`1.get_InternalContext()
   at System.Data.Entity.Internal.Linq.InternalSet`1.ActOnSet(Action action, EntityState newState, Object entity, String methodName)
   at System.Data.Entity.Internal.Linq.InternalSet`1.Add(Object entity)
   at System.Data.Entity.DbSet`1.Add(TEntity entity)
   at NHLStackOverflow.tests.Models.AnswerModelValidationTest.MinimumNewAnswer() in C:\Users\martndemus\Documents\nhl-stack-overflow\Source\NHLStackOverflow.tests\Models\AnswerModelValidationTest.cs:line 38
</StackTrace>
        </ErrorInfo>
      </Output>
    </UnitTestResult>
  </Results>
</TestRun>