<?xml version="1.0" encoding="UTF-8"?>
<TestRun id="b5598811-073a-4b6e-b52e-6d3ca795028f" name="martndemus@UNICORN 2012-02-19 19:56:57" runUser="Unicorn\martndemus" xmlns="http://microsoft.com/schemas/VisualStudio/TeamTest/2010">
  <TestSettings name="Local" id="53fb089d-6727-47c7-875f-c17e0a8b95e1">
    <Description>These are default test settings for a local test run.</Description>
    <Deployment userDeploymentRoot="C:\Users\martndemus\Documents\nhl-stack-overflow\Source\TestResults" useDefaultDeploymentRoot="false" enabled="false" runDeploymentRoot="martndemus_UNICORN 2012-02-19 19_56_57">
      <DeploymentItem filename="C:\Users\martndemus\Documents\nhl-stack-overflow\Source\packages\EntityFramework.4.3.0\lib\net40\EntityFramework.dll" />
      <DeploymentItem filename="C:\Users\martndemus\Documents\nhl-stack-overflow\Source\NHLStackOverflow\bin\NHLStackOverflow.dll" />
    </Deployment>
    <Execution>
      <TestTypeSpecific />
      <AgentRule name="Execution Agents">
      </AgentRule>
    </Execution>
  </TestSettings>
  <Times creation="2012-02-19T19:56:57.1308351+01:00" queuing="2012-02-19T19:56:57.1778378+01:00" start="2012-02-19T19:56:57.1938387+01:00" finish="2012-02-19T19:56:58.6819239+01:00" />
  <ResultSummary outcome="Failed">
    <Counters total="2" executed="2" error="0" failed="2" timeout="0" aborted="0" inconclusive="0" passedButRunAborted="0" notRunnable="0" notExecuted="0" disconnected="0" warning="0" passed="0" completed="0" inProgress="0" pending="0" />
  </ResultSummary>
  <TestDefinitions>
    <UnitTest name="EmptyAnswer" storage="c:\users\martndemus\documents\nhl-stack-overflow\source\nhlstackoverflow.tests\bin\debug\nhlstackoverflow.tests.dll" id="c436e29f-8cbd-11bc-cb4e-b7b24fcbec7a">
      <Description>Tests if saving a void answer will throw an exception</Description>
      <Execution id="076bccdf-87af-4017-8de3-d0af0d7e103c" />
      <TestMethod codeBase="C:/Users/martndemus/Documents/nhl-stack-overflow/Source/NHLStackOverflow.tests/bin/Debug/NHLStackOverflow.tests.DLL" adapterTypeName="Microsoft.VisualStudio.TestTools.TestTypes.Unit.UnitTestAdapter, Microsoft.VisualStudio.QualityTools.Tips.UnitTest.Adapter, Version=10.0.0.0, Culture=neutral, PublicKeyToken=b03f5f7f11d50a3a" className="NHLStackOverflow.tests.Models.AnswerModelValidationTest, NHLStackOverflow.tests, Version=1.0.0.0, Culture=neutral, PublicKeyToken=null" name="EmptyAnswer" />
    </UnitTest>
    <UnitTest name="MinimumNewAnswer" storage="c:\users\martndemus\documents\nhl-stack-overflow\source\nhlstackoverflow.tests\bin\debug\nhlstackoverflow.tests.dll" id="f16ef16c-675b-3035-37ea-3596af2a394d">
      <Execution id="b6cf3f6d-ddc1-4555-befb-82db0427b519" />
      <TestMethod codeBase="C:/Users/martndemus/Documents/nhl-stack-overflow/Source/NHLStackOverflow.tests/bin/Debug/NHLStackOverflow.tests.DLL" adapterTypeName="Microsoft.VisualStudio.TestTools.TestTypes.Unit.UnitTestAdapter, Microsoft.VisualStudio.QualityTools.Tips.UnitTest.Adapter, Version=10.0.0.0, Culture=neutral, PublicKeyToken=b03f5f7f11d50a3a" className="NHLStackOverflow.tests.Models.AnswerModelValidationTest, NHLStackOverflow.tests, Version=1.0.0.0, Culture=neutral, PublicKeyToken=null" name="MinimumNewAnswer" />
    </UnitTest>
  </TestDefinitions>
  <TestLists>
    <TestList name="Results Not in a List" id="8c84fa94-04c1-424b-9868-57a2d4851a1d" />
    <TestList name="All Loaded Results" id="19431567-8539-422a-85d7-44ee4e166bda" />
  </TestLists>
  <TestEntries>
    <TestEntry testId="c436e29f-8cbd-11bc-cb4e-b7b24fcbec7a" executionId="076bccdf-87af-4017-8de3-d0af0d7e103c" testListId="8c84fa94-04c1-424b-9868-57a2d4851a1d" />
    <TestEntry testId="f16ef16c-675b-3035-37ea-3596af2a394d" executionId="b6cf3f6d-ddc1-4555-befb-82db0427b519" testListId="8c84fa94-04c1-424b-9868-57a2d4851a1d" />
  </TestEntries>
  <Results>
    <UnitTestResult executionId="076bccdf-87af-4017-8de3-d0af0d7e103c" testId="c436e29f-8cbd-11bc-cb4e-b7b24fcbec7a" testName="EmptyAnswer" computerName="UNICORN" duration="00:00:01.1349075" startTime="2012-02-19T19:56:57.1998391+01:00" endTime="2012-02-19T19:56:58.5649172+01:00" testType="13cdc9d9-ddb5-4fa4-a97d-d965ccfc6d4b" outcome="Failed" testListId="8c84fa94-04c1-424b-9868-57a2d4851a1d" relativeResultsDirectory="076bccdf-87af-4017-8de3-d0af0d7e103c">
      <Output>
        <ErrorInfo>
          <Message>Test method NHLStackOverflow.tests.Models.AnswerModelValidationTest.EmptyAnswer threw exception System.InvalidOperationException, but exception System.Data.Entity.Validation.DbEntityValidationException was expected. Exception message: System.InvalidOperationException: The model backing the 'NHLdb' context has changed since the database was created. Consider using Code First Migrations to update the database (http://go.microsoft.com/fwlink/?LinkId=238269).</Message>
          <StackTrace>    at System.Data.Entity.CreateDatabaseIfNotExists`1.InitializeDatabase(TContext context)
   at System.Data.Entity.Internal.InternalContext.&lt;&gt;c__DisplayClass8.&lt;PerformDatabaseInitialization&gt;b__6()
   at System.Data.Entity.Internal.InternalContext.PerformInitializationAction(Action action)
   at System.Data.Entity.Internal.InternalContext.PerformDatabaseInitialization()
   at System.Data.Entity.Internal.LazyInternalContext.&lt;InitializeDatabase&gt;b__4(InternalContext c)
   at System.Data.Entity.Internal.RetryAction`1.PerformAction(TInput input)
   at System.Data.Entity.Internal.LazyInternalContext.InitializeDatabaseAction(Action`1 action)
   at System.Data.Entity.Internal.LazyInternalContext.InitializeDatabase()
   at System.Data.Entity.Internal.InternalContext.GetEntitySetAndBaseTypeForType(Type entityType)
   at System.Data.Entity.Internal.Linq.InternalSet`1.Initialize()
   at System.Data.Entity.Internal.Linq.InternalSet`1.get_InternalContext()
   at System.Data.Entity.Internal.Linq.InternalSet`1.ActOnSet(Action action, EntityState newState, Object entity, String methodName)
   at System.Data.Entity.Internal.Linq.InternalSet`1.Add(Object entity)
   at System.Data.Entity.DbSet`1.Add(TEntity entity)
   at NHLStackOverflow.tests.Models.AnswerModelValidationTest.EmptyAnswer() in C:\Users\martndemus\Documents\nhl-stack-overflow\Source\NHLStackOverflow.tests\Models\AnswerModelValidationTest.cs:line 30
</StackTrace>
        </ErrorInfo>
      </Output>
    </UnitTestResult>
    <UnitTestResult executionId="b6cf3f6d-ddc1-4555-befb-82db0427b519" testId="f16ef16c-675b-3035-37ea-3596af2a394d" testName="MinimumNewAnswer" computerName="UNICORN" duration="00:00:00.0938009" startTime="2012-02-19T19:56:58.5649172+01:00" endTime="2012-02-19T19:56:58.6629228+01:00" testType="13cdc9d9-ddb5-4fa4-a97d-d965ccfc6d4b" outcome="Failed" testListId="8c84fa94-04c1-424b-9868-57a2d4851a1d" relativeResultsDirectory="b6cf3f6d-ddc1-4555-befb-82db0427b519">
      <Output>
        <ErrorInfo>
          <Message>Test method NHLStackOverflow.tests.Models.AnswerModelValidationTest.MinimumNewAnswer threw exception: 
System.InvalidOperationException: The model backing the 'NHLdb' context has changed since the database was created. Consider using Code First Migrations to update the database (http://go.microsoft.com/fwlink/?LinkId=238269).</Message>
          <StackTrace>    at System.Data.Entity.CreateDatabaseIfNotExists`1.InitializeDatabase(TContext context)
   at System.Data.Entity.Internal.InternalContext.&lt;&gt;c__DisplayClass8.&lt;PerformDatabaseInitialization&gt;b__6()
   at System.Data.Entity.Internal.InternalContext.PerformInitializationAction(Action action)
   at System.Data.Entity.Internal.InternalContext.PerformDatabaseInitialization()
   at System.Data.Entity.Internal.LazyInternalContext.&lt;InitializeDatabase&gt;b__4(InternalContext c)
   at System.Data.Entity.Internal.RetryAction`1.PerformAction(TInput input)
   at System.Data.Entity.Internal.LazyInternalContext.InitializeDatabaseAction(Action`1 action)
   at System.Data.Entity.Internal.LazyInternalContext.InitializeDatabase()
   at System.Data.Entity.Internal.InternalContext.GetEntitySetAndBaseTypeForType(Type entityType)
   at System.Data.Entity.Internal.Linq.InternalSet`1.Initialize()
   at System.Data.Entity.Internal.Linq.InternalSet`1.get_InternalContext()
   at System.Data.Entity.Internal.Linq.InternalSet`1.ActOnSet(Action action, EntityState newState, Object entity, String methodName)
   at System.Data.Entity.Internal.Linq.InternalSet`1.Add(Object entity)
   at System.Data.Entity.DbSet`1.Add(TEntity entity)
   at NHLStackOverflow.tests.Models.AnswerModelValidationTest.MinimumNewAnswer() in C:\Users\martndemus\Documents\nhl-stack-overflow\Source\NHLStackOverflow.tests\Models\AnswerModelValidationTest.cs:line 38
</StackTrace>
        </ErrorInfo>
      </Output>
    </UnitTestResult>
  </Results>
</TestRun>