<?xml version="1.0" encoding="UTF-8"?>
<TestRun id="e6ec5e7a-c292-49fe-a858-51e41e982d6e" name="martndemus@UNICORN 2012-02-19 19:34:31" runUser="Unicorn\martndemus" xmlns="http://microsoft.com/schemas/VisualStudio/TeamTest/2010">
  <TestSettings name="Local" id="53fb089d-6727-47c7-875f-c17e0a8b95e1">
    <Description>These are default test settings for a local test run.</Description>
    <Deployment enabled="false" runDeploymentRoot="martndemus_UNICORN 2012-02-19 19_34_31">
      <DeploymentItem filename="C:\Users\martndemus\Documents\nhl-stack-overflow\Source\packages\EntityFramework.4.3.0\lib\net40\EntityFramework.dll" />
      <DeploymentItem filename="C:\Users\martndemus\Documents\nhl-stack-overflow\Source\NHLStackOverflow\bin\NHLStackOverflow.dll" />
    </Deployment>
    <Execution>
      <TestTypeSpecific />
      <AgentRule name="Execution Agents">
      </AgentRule>
    </Execution>
  </TestSettings>
  <Times creation="2012-02-19T19:34:31.5318713+01:00" queuing="2012-02-19T19:34:31.5788740+01:00" start="2012-02-19T19:34:31.6028753+01:00" finish="2012-02-19T19:34:32.9919548+01:00" />
  <ResultSummary outcome="Failed">
    <Counters total="4" executed="4" passed="2" error="0" failed="2" timeout="0" aborted="0" inconclusive="0" passedButRunAborted="0" notRunnable="0" notExecuted="0" disconnected="0" warning="0" completed="0" inProgress="0" pending="0" />
  </ResultSummary>
  <TestDefinitions>
    <UnitTest name="ModelsArePresent" storage="c:\users\martndemus\documents\nhl-stack-overflow\source\nhlstackoverflow.tests\bin\debug\nhlstackoverflow.tests.dll" id="45206ccc-3197-2bd7-c395-e893cf4e1e75">
      <Execution id="1da5170d-f771-4a98-915c-8d80dbe8dfc6" />
      <TestMethod codeBase="C:/Users/martndemus/Documents/nhl-stack-overflow/Source/NHLStackOverflow.tests/bin/Debug/NHLStackOverflow.tests.DLL" adapterTypeName="Microsoft.VisualStudio.TestTools.TestTypes.Unit.UnitTestAdapter, Microsoft.VisualStudio.QualityTools.Tips.UnitTest.Adapter, Version=10.0.0.0, Culture=neutral, PublicKeyToken=b03f5f7f11d50a3a" className="NHLStackOverflow.tests.Test_References.NHLdb_Test, NHLStackOverflow.tests, Version=1.0.0.0, Culture=neutral, PublicKeyToken=null" name="ModelsArePresent" />
    </UnitTest>
    <UnitTest name="EmptyAnswer" storage="c:\users\martndemus\documents\nhl-stack-overflow\source\nhlstackoverflow.tests\bin\debug\nhlstackoverflow.tests.dll" id="c436e29f-8cbd-11bc-cb4e-b7b24fcbec7a">
      <Description>Tests if saving a void answer will throw an exception</Description>
      <Execution id="b498af54-2eec-4168-b33a-a072378979b9" />
      <TestMethod codeBase="C:/Users/martndemus/Documents/nhl-stack-overflow/Source/NHLStackOverflow.tests/bin/Debug/NHLStackOverflow.tests.DLL" adapterTypeName="Microsoft.VisualStudio.TestTools.TestTypes.Unit.UnitTestAdapter, Microsoft.VisualStudio.QualityTools.Tips.UnitTest.Adapter, Version=10.0.0.0, Culture=neutral, PublicKeyToken=b03f5f7f11d50a3a" className="NHLStackOverflow.tests.Models.AnswerModelValidationTest, NHLStackOverflow.tests, Version=1.0.0.0, Culture=neutral, PublicKeyToken=null" name="EmptyAnswer" />
    </UnitTest>
    <UnitTest name="DB_initializes" storage="c:\users\martndemus\documents\nhl-stack-overflow\source\nhlstackoverflow.tests\bin\debug\nhlstackoverflow.tests.dll" id="da67187b-8ed4-9def-3ee2-b06f8ccb0bc0">
      <Execution id="0858f9f9-3c0c-4969-86fd-901cc4e8f23c" />
      <TestMethod codeBase="C:/Users/martndemus/Documents/nhl-stack-overflow/Source/NHLStackOverflow.tests/bin/Debug/NHLStackOverflow.tests.DLL" adapterTypeName="Microsoft.VisualStudio.TestTools.TestTypes.Unit.UnitTestAdapter, Microsoft.VisualStudio.QualityTools.Tips.UnitTest.Adapter, Version=10.0.0.0, Culture=neutral, PublicKeyToken=b03f5f7f11d50a3a" className="NHLStackOverflow.tests.Test_References.NHLdb_Test, NHLStackOverflow.tests, Version=1.0.0.0, Culture=neutral, PublicKeyToken=null" name="DB_initializes" />
    </UnitTest>
    <UnitTest name="MinimumNewAnswer" storage="c:\users\martndemus\documents\nhl-stack-overflow\source\nhlstackoverflow.tests\bin\debug\nhlstackoverflow.tests.dll" id="f16ef16c-675b-3035-37ea-3596af2a394d">
      <Execution id="9af7ef78-c91f-44f9-af89-241cd92541a8" />
      <TestMethod codeBase="C:/Users/martndemus/Documents/nhl-stack-overflow/Source/NHLStackOverflow.tests/bin/Debug/NHLStackOverflow.tests.DLL" adapterTypeName="Microsoft.VisualStudio.TestTools.TestTypes.Unit.UnitTestAdapter, Microsoft.VisualStudio.QualityTools.Tips.UnitTest.Adapter, Version=10.0.0.0, Culture=neutral, PublicKeyToken=b03f5f7f11d50a3a" className="NHLStackOverflow.tests.Models.AnswerModelValidationTest, NHLStackOverflow.tests, Version=1.0.0.0, Culture=neutral, PublicKeyToken=null" name="MinimumNewAnswer" />
    </UnitTest>
  </TestDefinitions>
  <TestLists>
    <TestList name="Results Not in a List" id="8c84fa94-04c1-424b-9868-57a2d4851a1d" />
    <TestList name="All Loaded Results" id="19431567-8539-422a-85d7-44ee4e166bda" />
  </TestLists>
  <TestEntries>
    <TestEntry testId="45206ccc-3197-2bd7-c395-e893cf4e1e75" executionId="1da5170d-f771-4a98-915c-8d80dbe8dfc6" testListId="8c84fa94-04c1-424b-9868-57a2d4851a1d" />
    <TestEntry testId="c436e29f-8cbd-11bc-cb4e-b7b24fcbec7a" executionId="b498af54-2eec-4168-b33a-a072378979b9" testListId="8c84fa94-04c1-424b-9868-57a2d4851a1d" />
    <TestEntry testId="da67187b-8ed4-9def-3ee2-b06f8ccb0bc0" executionId="0858f9f9-3c0c-4969-86fd-901cc4e8f23c" testListId="8c84fa94-04c1-424b-9868-57a2d4851a1d" />
    <TestEntry testId="f16ef16c-675b-3035-37ea-3596af2a394d" executionId="9af7ef78-c91f-44f9-af89-241cd92541a8" testListId="8c84fa94-04c1-424b-9868-57a2d4851a1d" />
  </TestEntries>
  <Results>
    <UnitTestResult executionId="1da5170d-f771-4a98-915c-8d80dbe8dfc6" testId="45206ccc-3197-2bd7-c395-e893cf4e1e75" testName="ModelsArePresent" computerName="UNICORN" duration="00:00:00.0702218" startTime="2012-02-19T19:34:31.6028753+01:00" endTime="2012-02-19T19:34:31.8668904+01:00" testType="13cdc9d9-ddb5-4fa4-a97d-d965ccfc6d4b" outcome="Passed" testListId="8c84fa94-04c1-424b-9868-57a2d4851a1d" relativeResultsDirectory="1da5170d-f771-4a98-915c-8d80dbe8dfc6">
    </UnitTestResult>
    <UnitTestResult executionId="b498af54-2eec-4168-b33a-a072378979b9" testId="c436e29f-8cbd-11bc-cb4e-b7b24fcbec7a" testName="EmptyAnswer" computerName="UNICORN" duration="00:00:00.9952990" startTime="2012-02-19T19:34:31.8678905+01:00" endTime="2012-02-19T19:34:32.8679477+01:00" testType="13cdc9d9-ddb5-4fa4-a97d-d965ccfc6d4b" outcome="Failed" testListId="8c84fa94-04c1-424b-9868-57a2d4851a1d" relativeResultsDirectory="b498af54-2eec-4168-b33a-a072378979b9">
      <Output>
        <ErrorInfo>
          <Message>Test method NHLStackOverflow.tests.Models.AnswerModelValidationTest.EmptyAnswer threw exception System.InvalidOperationException, but exception System.Data.Entity.Validation.DbEntityValidationException was expected. Exception message: System.InvalidOperationException: The model backing the 'NHLdb' context has changed since the database was created. Consider using Code First Migrations to update the database (http://go.microsoft.com/fwlink/?LinkId=238269).</Message>
          <StackTrace>    at System.Data.Entity.CreateDatabaseIfNotExists`1.InitializeDatabase(TContext context)
   at System.Data.Entity.Internal.InternalContext.&lt;&gt;c__DisplayClass8.&lt;PerformDatabaseInitialization&gt;b__6()
   at System.Data.Entity.Internal.InternalContext.PerformInitializationAction(Action action)
   at System.Data.Entity.Internal.InternalContext.PerformDatabaseInitialization()
   at System.Data.Entity.Internal.LazyInternalContext.&lt;InitializeDatabase&gt;b__4(InternalContext c)
   at System.Data.Entity.Internal.RetryAction`1.PerformAction(TInput input)
   at System.Data.Entity.Internal.LazyInternalContext.InitializeDatabaseAction(Action`1 action)
   at System.Data.Entity.Internal.LazyInternalContext.InitializeDatabase()
   at System.Data.Entity.Internal.InternalContext.GetEntitySetAndBaseTypeForType(Type entityType)
   at System.Data.Entity.Internal.Linq.InternalSet`1.Initialize()
   at System.Data.Entity.Internal.Linq.InternalSet`1.get_InternalContext()
   at System.Data.Entity.Internal.Linq.InternalSet`1.ActOnSet(Action action, EntityState newState, Object entity, String methodName)
   at System.Data.Entity.Internal.Linq.InternalSet`1.Add(Object entity)
   at System.Data.Entity.DbSet`1.Add(TEntity entity)
   at NHLStackOverflow.tests.Models.AnswerModelValidationTest.EmptyAnswer() in C:\Users\martndemus\Documents\nhl-stack-overflow\Source\NHLStackOverflow.tests\Models\AnswerModelValidationTest.cs:line 30
</StackTrace>
        </ErrorInfo>
      </Output>
    </UnitTestResult>
    <UnitTestResult executionId="0858f9f9-3c0c-4969-86fd-901cc4e8f23c" testId="da67187b-8ed4-9def-3ee2-b06f8ccb0bc0" testName="DB_initializes" computerName="UNICORN" duration="00:00:00.0002387" startTime="2012-02-19T19:34:32.8699478+01:00" endTime="2012-02-19T19:34:32.8759482+01:00" testType="13cdc9d9-ddb5-4fa4-a97d-d965ccfc6d4b" outcome="Passed" testListId="8c84fa94-04c1-424b-9868-57a2d4851a1d" relativeResultsDirectory="0858f9f9-3c0c-4969-86fd-901cc4e8f23c">
    </UnitTestResult>
    <UnitTestResult executionId="9af7ef78-c91f-44f9-af89-241cd92541a8" testId="f16ef16c-675b-3035-37ea-3596af2a394d" testName="MinimumNewAnswer" computerName="UNICORN" duration="00:00:00.0868836" startTime="2012-02-19T19:34:32.8789483+01:00" endTime="2012-02-19T19:34:32.9679534+01:00" testType="13cdc9d9-ddb5-4fa4-a97d-d965ccfc6d4b" outcome="Failed" testListId="8c84fa94-04c1-424b-9868-57a2d4851a1d" relativeResultsDirectory="9af7ef78-c91f-44f9-af89-241cd92541a8">
      <Output>
        <ErrorInfo>
          <Message>Test method NHLStackOverflow.tests.Models.AnswerModelValidationTest.MinimumNewAnswer threw exception: 
System.InvalidOperationException: The model backing the 'NHLdb' context has changed since the database was created. Consider using Code First Migrations to update the database (http://go.microsoft.com/fwlink/?LinkId=238269).</Message>
          <StackTrace>    at System.Data.Entity.CreateDatabaseIfNotExists`1.InitializeDatabase(TContext context)
   at System.Data.Entity.Internal.InternalContext.&lt;&gt;c__DisplayClass8.&lt;PerformDatabaseInitialization&gt;b__6()
   at System.Data.Entity.Internal.InternalContext.PerformInitializationAction(Action action)
   at System.Data.Entity.Internal.InternalContext.PerformDatabaseInitialization()
   at System.Data.Entity.Internal.LazyInternalContext.&lt;InitializeDatabase&gt;b__4(InternalContext c)
   at System.Data.Entity.Internal.RetryAction`1.PerformAction(TInput input)
   at System.Data.Entity.Internal.LazyInternalContext.InitializeDatabaseAction(Action`1 action)
   at System.Data.Entity.Internal.LazyInternalContext.InitializeDatabase()
   at System.Data.Entity.Internal.InternalContext.GetEntitySetAndBaseTypeForType(Type entityType)
   at System.Data.Entity.Internal.Linq.InternalSet`1.Initialize()
   at System.Data.Entity.Internal.Linq.InternalSet`1.get_InternalContext()
   at System.Data.Entity.Internal.Linq.InternalSet`1.ActOnSet(Action action, EntityState newState, Object entity, String methodName)
   at System.Data.Entity.Internal.Linq.InternalSet`1.Add(Object entity)
   at System.Data.Entity.DbSet`1.Add(TEntity entity)
   at NHLStackOverflow.tests.Models.AnswerModelValidationTest.MinimumNewAnswer() in C:\Users\martndemus\Documents\nhl-stack-overflow\Source\NHLStackOverflow.tests\Models\AnswerModelValidationTest.cs:line 38
</StackTrace>
        </ErrorInfo>
      </Output>
    </UnitTestResult>
  </Results>
</TestRun>