<?xml version="1.0" encoding="UTF-8"?>
<TestRun id="fda6367e-d752-4fce-a27c-e5d326fb0683" name="martndemus@UNICORN 2012-02-19 20:43:21" runUser="Unicorn\martndemus" xmlns="http://microsoft.com/schemas/VisualStudio/TeamTest/2010">
  <TestSettings name="Local" id="53fb089d-6727-47c7-875f-c17e0a8b95e1">
    <Description>These are default test settings for a local test run.</Description>
    <Deployment enabled="false" runDeploymentRoot="martndemus_UNICORN 2012-02-19 20_43_21">
      <DeploymentItem filename="C:\Users\martndemus\Documents\nhl-stack-overflow\Source\packages\EntityFramework.4.3.0\lib\net40\EntityFramework.dll" />
      <DeploymentItem filename="C:\Users\martndemus\Documents\nhl-stack-overflow\Source\NHLStackOverflow\bin\NHLStackOverflow.dll" />
    </Deployment>
    <Execution>
      <TestTypeSpecific />
      <AgentRule name="Execution Agents">
      </AgentRule>
    </Execution>
  </TestSettings>
  <Times creation="2012-02-19T20:43:21.5510949+01:00" queuing="2012-02-19T20:43:22.7831653+01:00" start="2012-02-19T20:43:22.8651700+01:00" finish="2012-02-19T20:43:30.0715822+01:00" />
  <ResultSummary outcome="Failed">
    <Counters total="4" executed="4" passed="2" error="0" failed="2" timeout="0" aborted="0" inconclusive="0" passedButRunAborted="0" notRunnable="0" notExecuted="0" disconnected="0" warning="0" completed="0" inProgress="0" pending="0" />
  </ResultSummary>
  <TestDefinitions>
    <UnitTest name="ModelsArePresent" storage="c:\users\martndemus\documents\nhl-stack-overflow\source\nhlstackoverflow.tests\bin\debug\nhlstackoverflow.tests.dll" id="45206ccc-3197-2bd7-c395-e893cf4e1e75">
      <Execution id="3c3b57ec-76cc-4337-96a7-43df23d8094d" />
      <TestMethod codeBase="C:/Users/martndemus/Documents/nhl-stack-overflow/Source/NHLStackOverflow.tests/bin/Debug/NHLStackOverflow.tests.DLL" adapterTypeName="Microsoft.VisualStudio.TestTools.TestTypes.Unit.UnitTestAdapter, Microsoft.VisualStudio.QualityTools.Tips.UnitTest.Adapter, Version=10.0.0.0, Culture=neutral, PublicKeyToken=b03f5f7f11d50a3a" className="NHLStackOverflow.tests.Test_References.NHLdb_Test, NHLStackOverflow.tests, Version=1.0.0.0, Culture=neutral, PublicKeyToken=null" name="ModelsArePresent" />
    </UnitTest>
    <UnitTest name="EmptyAnswer" storage="c:\users\martndemus\documents\nhl-stack-overflow\source\nhlstackoverflow.tests\bin\debug\nhlstackoverflow.tests.dll" id="c436e29f-8cbd-11bc-cb4e-b7b24fcbec7a">
      <Description>Tests if saving a void answer will throw an exception</Description>
      <Execution id="5fd70cba-3178-49e6-961f-2bca53770230" />
      <TestMethod codeBase="C:/Users/martndemus/Documents/nhl-stack-overflow/Source/NHLStackOverflow.tests/bin/Debug/NHLStackOverflow.tests.DLL" adapterTypeName="Microsoft.VisualStudio.TestTools.TestTypes.Unit.UnitTestAdapter, Microsoft.VisualStudio.QualityTools.Tips.UnitTest.Adapter, Version=10.0.0.0, Culture=neutral, PublicKeyToken=b03f5f7f11d50a3a" className="NHLStackOverflow.tests.Models.AnswerModelValidationTest, NHLStackOverflow.tests, Version=1.0.0.0, Culture=neutral, PublicKeyToken=null" name="EmptyAnswer" />
    </UnitTest>
    <UnitTest name="DB_initializes" storage="c:\users\martndemus\documents\nhl-stack-overflow\source\nhlstackoverflow.tests\bin\debug\nhlstackoverflow.tests.dll" id="da67187b-8ed4-9def-3ee2-b06f8ccb0bc0">
      <Execution id="9557e763-00f1-4abf-8462-c9f1c86cdc84" />
      <TestMethod codeBase="C:/Users/martndemus/Documents/nhl-stack-overflow/Source/NHLStackOverflow.tests/bin/Debug/NHLStackOverflow.tests.DLL" adapterTypeName="Microsoft.VisualStudio.TestTools.TestTypes.Unit.UnitTestAdapter, Microsoft.VisualStudio.QualityTools.Tips.UnitTest.Adapter, Version=10.0.0.0, Culture=neutral, PublicKeyToken=b03f5f7f11d50a3a" className="NHLStackOverflow.tests.Test_References.NHLdb_Test, NHLStackOverflow.tests, Version=1.0.0.0, Culture=neutral, PublicKeyToken=null" name="DB_initializes" />
    </UnitTest>
    <UnitTest name="MinimumNewAnswer" storage="c:\users\martndemus\documents\nhl-stack-overflow\source\nhlstackoverflow.tests\bin\debug\nhlstackoverflow.tests.dll" id="f16ef16c-675b-3035-37ea-3596af2a394d">
      <Execution id="1c0477a2-c1fe-4723-b94c-41c6f357fa88" />
      <TestMethod codeBase="C:/Users/martndemus/Documents/nhl-stack-overflow/Source/NHLStackOverflow.tests/bin/Debug/NHLStackOverflow.tests.DLL" adapterTypeName="Microsoft.VisualStudio.TestTools.TestTypes.Unit.UnitTestAdapter, Microsoft.VisualStudio.QualityTools.Tips.UnitTest.Adapter, Version=10.0.0.0, Culture=neutral, PublicKeyToken=b03f5f7f11d50a3a" className="NHLStackOverflow.tests.Models.AnswerModelValidationTest, NHLStackOverflow.tests, Version=1.0.0.0, Culture=neutral, PublicKeyToken=null" name="MinimumNewAnswer" />
    </UnitTest>
  </TestDefinitions>
  <TestLists>
    <TestList name="Results Not in a List" id="8c84fa94-04c1-424b-9868-57a2d4851a1d" />
    <TestList name="All Loaded Results" id="19431567-8539-422a-85d7-44ee4e166bda" />
  </TestLists>
  <TestEntries>
    <TestEntry testId="45206ccc-3197-2bd7-c395-e893cf4e1e75" executionId="3c3b57ec-76cc-4337-96a7-43df23d8094d" testListId="8c84fa94-04c1-424b-9868-57a2d4851a1d" />
    <TestEntry testId="c436e29f-8cbd-11bc-cb4e-b7b24fcbec7a" executionId="5fd70cba-3178-49e6-961f-2bca53770230" testListId="8c84fa94-04c1-424b-9868-57a2d4851a1d" />
    <TestEntry testId="da67187b-8ed4-9def-3ee2-b06f8ccb0bc0" executionId="9557e763-00f1-4abf-8462-c9f1c86cdc84" testListId="8c84fa94-04c1-424b-9868-57a2d4851a1d" />
    <TestEntry testId="f16ef16c-675b-3035-37ea-3596af2a394d" executionId="1c0477a2-c1fe-4723-b94c-41c6f357fa88" testListId="8c84fa94-04c1-424b-9868-57a2d4851a1d" />
  </TestEntries>
  <Results>
    <UnitTestResult executionId="3c3b57ec-76cc-4337-96a7-43df23d8094d" testId="45206ccc-3197-2bd7-c395-e893cf4e1e75" testName="ModelsArePresent" computerName="UNICORN" duration="00:00:00.2402217" startTime="2012-02-19T20:43:22.9061724+01:00" endTime="2012-02-19T20:43:23.9972348+01:00" testType="13cdc9d9-ddb5-4fa4-a97d-d965ccfc6d4b" outcome="Passed" testListId="8c84fa94-04c1-424b-9868-57a2d4851a1d" relativeResultsDirectory="3c3b57ec-76cc-4337-96a7-43df23d8094d">
    </UnitTestResult>
    <UnitTestResult executionId="5fd70cba-3178-49e6-961f-2bca53770230" testId="c436e29f-8cbd-11bc-cb4e-b7b24fcbec7a" testName="EmptyAnswer" computerName="UNICORN" duration="00:00:03.4553991" startTime="2012-02-19T20:43:24.0192360+01:00" endTime="2012-02-19T20:43:27.4804340+01:00" testType="13cdc9d9-ddb5-4fa4-a97d-d965ccfc6d4b" outcome="Failed" testListId="8c84fa94-04c1-424b-9868-57a2d4851a1d" relativeResultsDirectory="5fd70cba-3178-49e6-961f-2bca53770230">
      <Output>
        <ErrorInfo>
          <Message>Test method NHLStackOverflow.tests.Models.AnswerModelValidationTest.EmptyAnswer threw exception System.InvalidOperationException, but exception System.Data.Entity.Validation.DbEntityValidationException was expected. Exception message: System.InvalidOperationException: The model backing the 'NHLdb' context has changed since the database was created. Consider using Code First Migrations to update the database (http://go.microsoft.com/fwlink/?LinkId=238269).</Message>
          <StackTrace>    at System.Data.Entity.CreateDatabaseIfNotExists`1.InitializeDatabase(TContext context)
   at System.Data.Entity.Internal.InternalContext.&lt;&gt;c__DisplayClass8.&lt;PerformDatabaseInitialization&gt;b__6()
   at System.Data.Entity.Internal.InternalContext.PerformInitializationAction(Action action)
   at System.Data.Entity.Internal.InternalContext.PerformDatabaseInitialization()
   at System.Data.Entity.Internal.LazyInternalContext.&lt;InitializeDatabase&gt;b__4(InternalContext c)
   at System.Data.Entity.Internal.RetryAction`1.PerformAction(TInput input)
   at System.Data.Entity.Internal.LazyInternalContext.InitializeDatabaseAction(Action`1 action)
   at System.Data.Entity.Internal.LazyInternalContext.InitializeDatabase()
   at System.Data.Entity.Internal.InternalContext.Initialize()
   at System.Data.Entity.Internal.InternalContext.GetEntitySetAndBaseTypeForType(Type entityType)
   at System.Data.Entity.Internal.Linq.InternalSet`1.Initialize()
   at System.Data.Entity.Internal.Linq.InternalSet`1.get_InternalContext()
   at System.Data.Entity.Internal.Linq.InternalSet`1.ActOnSet(Action action, EntityState newState, Object entity, String methodName)
   at System.Data.Entity.Internal.Linq.InternalSet`1.Add(Object entity)
   at System.Data.Entity.DbSet`1.Add(TEntity entity)
   at NHLStackOverflow.tests.Models.AnswerModelValidationTest.EmptyAnswer() in C:\Users\martndemus\Documents\nhl-stack-overflow\Source\NHLStackOverflow.tests\Models\AnswerModelValidationTest.cs:line 30
</StackTrace>
        </ErrorInfo>
      </Output>
    </UnitTestResult>
    <UnitTestResult executionId="9557e763-00f1-4abf-8462-c9f1c86cdc84" testId="da67187b-8ed4-9def-3ee2-b06f8ccb0bc0" testName="DB_initializes" computerName="UNICORN" duration="00:00:00.0002106" startTime="2012-02-19T20:43:27.4944348+01:00" endTime="2012-02-19T20:43:27.5004352+01:00" testType="13cdc9d9-ddb5-4fa4-a97d-d965ccfc6d4b" outcome="Passed" testListId="8c84fa94-04c1-424b-9868-57a2d4851a1d" relativeResultsDirectory="9557e763-00f1-4abf-8462-c9f1c86cdc84">
    </UnitTestResult>
    <UnitTestResult executionId="1c0477a2-c1fe-4723-b94c-41c6f357fa88" testId="f16ef16c-675b-3035-37ea-3596af2a394d" testName="MinimumNewAnswer" computerName="UNICORN" duration="00:00:00.9252039" startTime="2012-02-19T20:43:27.5164361+01:00" endTime="2012-02-19T20:43:28.4504895+01:00" testType="13cdc9d9-ddb5-4fa4-a97d-d965ccfc6d4b" outcome="Failed" testListId="8c84fa94-04c1-424b-9868-57a2d4851a1d" relativeResultsDirectory="1c0477a2-c1fe-4723-b94c-41c6f357fa88">
      <Output>
        <ErrorInfo>
          <Message>Test method NHLStackOverflow.tests.Models.AnswerModelValidationTest.MinimumNewAnswer threw exception: 
System.InvalidOperationException: The model backing the 'NHLdb' context has changed since the database was created. Consider using Code First Migrations to update the database (http://go.microsoft.com/fwlink/?LinkId=238269).</Message>
          <StackTrace>    at System.Data.Entity.CreateDatabaseIfNotExists`1.InitializeDatabase(TContext context)
   at System.Data.Entity.Internal.InternalContext.&lt;&gt;c__DisplayClass8.&lt;PerformDatabaseInitialization&gt;b__6()
   at System.Data.Entity.Internal.InternalContext.PerformInitializationAction(Action action)
   at System.Data.Entity.Internal.InternalContext.PerformDatabaseInitialization()
   at System.Data.Entity.Internal.LazyInternalContext.&lt;InitializeDatabase&gt;b__4(InternalContext c)
   at System.Data.Entity.Internal.RetryAction`1.PerformAction(TInput input)
   at System.Data.Entity.Internal.LazyInternalContext.InitializeDatabaseAction(Action`1 action)
   at System.Data.Entity.Internal.LazyInternalContext.InitializeDatabase()
   at System.Data.Entity.Internal.InternalContext.Initialize()
   at System.Data.Entity.Internal.InternalContext.GetEntitySetAndBaseTypeForType(Type entityType)
   at System.Data.Entity.Internal.Linq.InternalSet`1.Initialize()
   at System.Data.Entity.Internal.Linq.InternalSet`1.get_InternalContext()
   at System.Data.Entity.Internal.Linq.InternalSet`1.ActOnSet(Action action, EntityState newState, Object entity, String methodName)
   at System.Data.Entity.Internal.Linq.InternalSet`1.Add(Object entity)
   at System.Data.Entity.DbSet`1.Add(TEntity entity)
   at NHLStackOverflow.tests.Models.AnswerModelValidationTest.MinimumNewAnswer() in C:\Users\martndemus\Documents\nhl-stack-overflow\Source\NHLStackOverflow.tests\Models\AnswerModelValidationTest.cs:line 38
</StackTrace>
        </ErrorInfo>
      </Output>
    </UnitTestResult>
  </Results>
</TestRun>